<?xml version="1.0" encoding="UTF-8"?>
<!-- Generated by org.testng.reporters.JUnitXMLReporter -->
<testsuite hostname="DESKTOP-QR6OSEU" ignored="1" name="Default test" tests="6" failures="0" timestamp="2021-09-22T10:02:07 PDT" time="56.556" errors="0">
  <testcase name="launchBrowser" time="9.646" classname="com.sgtesting.dataproviderdemo.LoginLogoutDemo"/>
  <testcase name="navigate" time="12.516" classname="com.sgtesting.dataproviderdemo.LoginLogoutDemo"/>
  <testcase name="login" time="15.027" classname="com.sgtesting.dataproviderdemo.LoginLogoutDemo"/>
  <testcase name="login" time="9.22" classname="com.sgtesting.dataproviderdemo.LoginLogoutDemo"/>
  <testcase name="login" time="9.006" classname="com.sgtesting.dataproviderdemo.LoginLogoutDemo"/>
  <testcase name="closeApplication" time="0.875" classname="com.sgtesting.dataproviderdemo.LoginLogoutDemo"/>
  <testcase name="minimizeFlyOutWindow" time="0.0" classname="com.sgtesting.dataproviderdemo.LoginLogoutDemo">
    <ignored/>
  </testcase> <!-- minimizeFlyOutWindow -->
</testsuite> <!-- Default test -->
