<?xml version="1.0" encoding="UTF-8"?>
<!-- Generated by org.testng.reporters.JUnitXMLReporter -->
<testsuite hostname="DESKTOP-QR6OSEU" ignored="0" name="User" tests="59" failures="0" timestamp="2021-09-19T05:38:33 PDT" time="268.829" errors="0">
  <testcase name="launchBrowser" time="7.254" classname="com.sgtesting.dataproviderassignments.Assignment2"/>
  <testcase name="navigate" time="7.365" classname="com.sgtesting.dataproviderassignments.Assignment2"/>
  <testcase name="login" time="5.255" classname="com.sgtesting.dataproviderassignments.Assignment2"/>
  <testcase name="minimizeFlyOutWindow" time="3.08" classname="com.sgtesting.dataproviderassignments.Assignment2"/>
  <testcase name="createUser" time="23.485" classname="com.sgtesting.dataproviderassignments.Assignment2"/>
  <testcase name="modifyUser" time="14.822" classname="com.sgtesting.dataproviderassignments.Assignment2"/>
  <testcase name="deleteUser" time="8.505" classname="com.sgtesting.dataproviderassignments.Assignment2"/>
  <testcase name="logout" time="2.542" classname="com.sgtesting.dataproviderassignments.Assignment2"/>
  <testcase name="closeApplication" time="1.004" classname="com.sgtesting.dataproviderassignments.Assignment2"/>
  <testcase name="launchBrowser" time="4.326" classname="com.sgtesting.dataproviderassignments.Assignment3"/>
  <testcase name="navigate" time="7.995" classname="com.sgtesting.dataproviderassignments.Assignment3"/>
  <testcase name="login" time="5.347" classname="com.sgtesting.dataproviderassignments.Assignment3"/>
  <testcase name="minimizeFlyOutWindow" time="2.112" classname="com.sgtesting.dataproviderassignments.Assignment3"/>
  <testcase name="createCustomer" time="13.506" classname="com.sgtesting.dataproviderassignments.Assignment3"/>
  <testcase name="deleteCustomer" time="1.785" classname="com.sgtesting.dataproviderassignments.Assignment3"/>
  <testcase name="logout" time="1.183" classname="com.sgtesting.dataproviderassignments.Assignment3"/>
  <testcase name="closeApplication" time="0.32" classname="com.sgtesting.dataproviderassignments.Assignment3"/>
  <testcase name="launchBrowser" time="2.784" classname="com.sgtesting.dataproviderassignments.Assignment4"/>
  <testcase name="navigate" time="9.164" classname="com.sgtesting.dataproviderassignments.Assignment4"/>
  <testcase name="login" time="5.358" classname="com.sgtesting.dataproviderassignments.Assignment4"/>
  <testcase name="minimizeFlyOutWindow" time="2.105" classname="com.sgtesting.dataproviderassignments.Assignment4"/>
  <testcase name="createCustomer" time="13.607" classname="com.sgtesting.dataproviderassignments.Assignment4"/>
  <testcase name="modifyCustomer" time="1.173" classname="com.sgtesting.dataproviderassignments.Assignment4"/>
  <testcase name="deleteCustomer" time="1.141" classname="com.sgtesting.dataproviderassignments.Assignment4"/>
  <testcase name="logout" time="1.134" classname="com.sgtesting.dataproviderassignments.Assignment4"/>
  <testcase name="closeApplication" time="0.387" classname="com.sgtesting.dataproviderassignments.Assignment4"/>
  <testcase name="launchBrowser" time="4.008" classname="com.sgtesting.dataproviderassignments.Assignment5"/>
  <testcase name="navigate" time="7.973" classname="com.sgtesting.dataproviderassignments.Assignment5"/>
  <testcase name="login" time="5.359" classname="com.sgtesting.dataproviderassignments.Assignment5"/>
  <testcase name="minimizeFlyOutWindow" time="6.997" classname="com.sgtesting.dataproviderassignments.Assignment5"/>
  <testcase name="createCustomer" time="14.303" classname="com.sgtesting.dataproviderassignments.Assignment5"/>
  <testcase name="createProject" time="1.067" classname="com.sgtesting.dataproviderassignments.Assignment5"/>
  <testcase name="deleteProject" time="1.149" classname="com.sgtesting.dataproviderassignments.Assignment5"/>
  <testcase name="deleteCustomer" time="1.175" classname="com.sgtesting.dataproviderassignments.Assignment5"/>
  <testcase name="logout" time="1.12" classname="com.sgtesting.dataproviderassignments.Assignment5"/>
  <testcase name="closeApplication" time="0.339" classname="com.sgtesting.dataproviderassignments.Assignment5"/>
  <testcase name="launchBrowser" time="2.788" classname="com.sgtesting.dataproviderassignments.Assignment6"/>
  <testcase name="navigate" time="8.785" classname="com.sgtesting.dataproviderassignments.Assignment6"/>
  <testcase name="login" time="5.335" classname="com.sgtesting.dataproviderassignments.Assignment6"/>
  <testcase name="minimizeFlyOutWindow" time="2.168" classname="com.sgtesting.dataproviderassignments.Assignment6"/>
  <testcase name="createCustomer" time="13.456" classname="com.sgtesting.dataproviderassignments.Assignment6"/>
  <testcase name="createProject" time="1.143" classname="com.sgtesting.dataproviderassignments.Assignment6"/>
  <testcase name="modifyProject" time="1.179" classname="com.sgtesting.dataproviderassignments.Assignment6"/>
  <testcase name="deleteProject" time="1.119" classname="com.sgtesting.dataproviderassignments.Assignment6"/>
  <testcase name="deleteCustomer" time="1.11" classname="com.sgtesting.dataproviderassignments.Assignment6"/>
  <testcase name="logout" time="1.119" classname="com.sgtesting.dataproviderassignments.Assignment6"/>
  <testcase name="closeApplication" time="0.434" classname="com.sgtesting.dataproviderassignments.Assignment6"/>
  <testcase name="launchBrowser" time="3.512" classname="com.sgtesting.dataproviderassignments.Assignment7"/>
  <testcase name="navigate" time="8.567" classname="com.sgtesting.dataproviderassignments.Assignment7"/>
  <testcase name="login" time="5.346" classname="com.sgtesting.dataproviderassignments.Assignment7"/>
  <testcase name="minimizeFlyOutWindow" time="2.118" classname="com.sgtesting.dataproviderassignments.Assignment7"/>
  <testcase name="createCustomer" time="13.875" classname="com.sgtesting.dataproviderassignments.Assignment7"/>
  <testcase name="createProject" time="1.105" classname="com.sgtesting.dataproviderassignments.Assignment7"/>
  <testcase name="createTask" time="1.111" classname="com.sgtesting.dataproviderassignments.Assignment7"/>
  <testcase name="deleteTask" time="0.036" classname="com.sgtesting.dataproviderassignments.Assignment7"/>
  <testcase name="deleteProject" time="1.149" classname="com.sgtesting.dataproviderassignments.Assignment7"/>
  <testcase name="deleteCustomer" time="1.167" classname="com.sgtesting.dataproviderassignments.Assignment7"/>
  <testcase name="logout" time="1.146" classname="com.sgtesting.dataproviderassignments.Assignment7"/>
  <testcase name="closeApplication" time="0.526" classname="com.sgtesting.dataproviderassignments.Assignment7"/>
</testsuite> <!-- User -->
