<?xml version="1.0" encoding="UTF-8"?>
<!-- Generated by org.testng.reporters.JUnitXMLReporter -->
<testsuite hostname="DESKTOP-QR6OSEU" ignored="1" name="Test Cases" tests="6" failures="0" timestamp="2021-09-16T13:21:09 PDT" time="50.084" errors="0">
  <testcase name="launchBrowser" time="13.233" classname="com.sgtesting.dataproviderdemo.LoginLogoutDemo"/>
  <testcase name="navigate" time="8.861" classname="com.sgtesting.dataproviderdemo.LoginLogoutDemo"/>
  <testcase name="login" time="9.318" classname="com.sgtesting.dataproviderdemo.LoginLogoutDemo"/>
  <testcase name="login" time="9.157" classname="com.sgtesting.dataproviderdemo.LoginLogoutDemo"/>
  <testcase name="login" time="8.946" classname="com.sgtesting.dataproviderdemo.LoginLogoutDemo"/>
  <testcase name="closeApplication" time="0.435" classname="com.sgtesting.dataproviderdemo.LoginLogoutDemo"/>
  <testcase name="minimizeFlyOutWindow" time="0.0" classname="com.sgtesting.dataproviderdemo.LoginLogoutDemo">
    <ignored/>
  </testcase> <!-- minimizeFlyOutWindow -->
</testsuite> <!-- Test Cases -->
